2017-09-15 22:19:18.844  INFO 4181 --- [main] b.c.c.ContraTempoApplicationTests        : Starting ContraTempoApplicationTests on jorge-netshoes with PID 4181 (started by jorge in /home/jorge/Workspace/Pessoal/contra-tempo)
2017-09-15 22:19:18.846  INFO 4181 --- [main] b.c.c.ContraTempoApplicationTests        : The following profiles are active: development
2017-09-15 22:19:19.071  INFO 4181 --- [main] o.s.w.c.s.GenericWebApplicationContext   : Refreshing org.springframework.web.context.support.GenericWebApplicationContext@3aa078fd: startup date [Fri Sep 15 22:19:19 BRT 2017]; root of context hierarchy
2017-09-15 22:19:19.072 DEBUG 4181 --- [main] o.s.w.c.s.GenericWebApplicationContext   : Bean factory for org.springframework.web.context.support.GenericWebApplicationContext@3aa078fd: org.springframework.beans.factory.support.DefaultListableBeanFactory@7cf6a5f9: defining beans [org.springframework.boot.test.mock.mockito.MockitoPostProcessor$SpyPostProcessor,org.springframework.boot.test.mock.mockito.MockitoPostProcessor,org.springframework.context.annotation.internalConfigurationAnnotationProcessor,org.springframework.context.annotation.internalAutowiredAnnotationProcessor,org.springframework.context.annotation.internalRequiredAnnotationProcessor,org.springframework.context.annotation.internalCommonAnnotationProcessor,org.springframework.context.annotation.internalPersistenceAnnotationProcessor,org.springframework.context.event.internalEventListenerProcessor,org.springframework.context.event.internalEventListenerFactory,contraTempoApplication]; root of factory hierarchy
2017-09-15 22:19:20.360  INFO 4181 --- [main] trationDelegate$BeanPostProcessorChecker : Bean 'org.springframework.boot.autoconfigure.validation.ValidationAutoConfiguration' of type [class org.springframework.boot.autoconfigure.validation.ValidationAutoConfiguration] is not eligible for getting processed by all BeanPostProcessors (for example: not eligible for auto-proxying)
2017-09-15 22:19:20.461  INFO 4181 --- [main] trationDelegate$BeanPostProcessorChecker : Bean 'validator' of type [class org.springframework.validation.beanvalidation.LocalValidatorFactoryBean] is not eligible for getting processed by all BeanPostProcessors (for example: not eligible for auto-proxying)
2017-09-15 22:19:20.486  INFO 4181 --- [main] trationDelegate$BeanPostProcessorChecker : Bean 'org.springframework.transaction.annotation.ProxyTransactionManagementConfiguration' of type [class org.springframework.transaction.annotation.ProxyTransactionManagementConfiguration$$EnhancerBySpringCGLIB$$72ef6bf2] is not eligible for getting processed by all BeanPostProcessors (for example: not eligible for auto-proxying)
2017-09-15 22:19:20.548 DEBUG 4181 --- [main] o.s.w.c.s.GenericWebApplicationContext   : Unable to locate MessageSource with name 'messageSource': using default [org.springframework.context.support.DelegatingMessageSource@46d9aec8]
2017-09-15 22:19:20.549 DEBUG 4181 --- [main] o.s.w.c.s.GenericWebApplicationContext   : Unable to locate ApplicationEventMulticaster with name 'applicationEventMulticaster': using default [org.springframework.context.event.SimpleApplicationEventMulticaster@14379273]
2017-09-15 22:19:21.011  INFO 4181 --- [main] j.LocalContainerEntityManagerFactoryBean : Building JPA container EntityManagerFactory for persistence unit 'default'
2017-09-15 22:19:21.043  INFO 4181 --- [main] o.hibernate.jpa.internal.util.LogHelper  : HHH000204: Processing PersistenceUnitInfo [
	name: default
	...]
2017-09-15 22:19:21.151  INFO 4181 --- [main] org.hibernate.Version                    : HHH000412: Hibernate Core {5.0.11.Final}
2017-09-15 22:19:21.154  INFO 4181 --- [main] org.hibernate.cfg.Environment            : HHH000206: hibernate.properties not found
2017-09-15 22:19:21.156  INFO 4181 --- [main] org.hibernate.cfg.Environment            : HHH000021: Bytecode provider name : javassist
2017-09-15 22:19:21.205  INFO 4181 --- [main] o.hibernate.annotations.common.Version   : HCANN000001: Hibernate Commons Annotations {5.0.1.Final}
2017-09-15 22:19:21.665  INFO 4181 --- [main] org.hibernate.dialect.Dialect            : HHH000400: Using dialect: org.hibernate.dialect.H2Dialect
2017-09-15 22:19:22.511  INFO 4181 --- [main] org.hibernate.tool.hbm2ddl.SchemaExport  : HHH000227: Running hbm2ddl schema export
2017-09-15 22:19:22.557  INFO 4181 --- [main] org.hibernate.tool.hbm2ddl.SchemaExport  : HHH000230: Schema export complete
2017-09-15 22:19:22.592  INFO 4181 --- [main] j.LocalContainerEntityManagerFactoryBean : Initialized JPA EntityManagerFactory for persistence unit 'default'
2017-09-15 22:19:22.898  INFO 4181 --- [main] o.h.h.i.QueryTranslatorFactoryInitiator  : HHH000397: Using ASTQueryTranslatorFactory
2017-09-15 22:19:23.950  INFO 4181 --- [main] s.w.s.m.m.a.RequestMappingHandlerAdapter : Looking for @ControllerAdvice: org.springframework.web.context.support.GenericWebApplicationContext@3aa078fd: startup date [Fri Sep 15 22:19:19 BRT 2017]; root of context hierarchy
2017-09-15 22:19:24.033 DEBUG 4181 --- [main] s.w.s.m.m.a.RequestMappingHandlerMapping : Looking for request mappings in application context: org.springframework.web.context.support.GenericWebApplicationContext@3aa078fd: startup date [Fri Sep 15 22:19:19 BRT 2017]; root of context hierarchy
2017-09-15 22:19:24.035 DEBUG 4181 --- [main] s.w.s.m.m.a.RequestMappingHandlerMapping : 0 request handler methods found on class br.com.contratempo.controller.AboutController: {}
2017-09-15 22:19:24.044 DEBUG 4181 --- [main] s.w.s.m.m.a.RequestMappingHandlerMapping : 5 request handler methods found on class br.com.contratempo.controller.ClienteController: {public org.springframework.web.servlet.ModelAndView br.com.contratempo.controller.ClienteController.cadastraCliente(br.com.contratempo.entity.Cliente,java.util.List,org.springframework.ui.Model)={[/cliente],methods=[POST]}, public void br.com.contratempo.controller.ClienteController.updateCliente(java.lang.Long,br.com.contratempo.entity.Cliente)={[/cliente/{id}],methods=[POST]}, public org.springframework.web.servlet.ModelAndView br.com.contratempo.controller.ClienteController.consultaCliente(br.com.contratempo.entity.Cliente,org.springframework.web.servlet.ModelAndView)={[/cliente],methods=[GET]}, public org.springframework.web.servlet.ModelAndView br.com.contratempo.controller.ClienteController.detalhesTurma(java.lang.Long)={[/cliente/{id}],methods=[GET]}, public org.springframework.web.servlet.ModelAndView br.com.contratempo.controller.ClienteController.search(java.lang.String,org.springframework.web.servlet.ModelAndView)={[/cliente/search],methods=[GET]}}
2017-09-15 22:19:24.045  INFO 4181 --- [main] s.w.s.m.m.a.RequestMappingHandlerMapping : Mapped "{[/cliente],methods=[POST]}" onto public org.springframework.web.servlet.ModelAndView br.com.contratempo.controller.ClienteController.cadastraCliente(br.com.contratempo.entity.Cliente,java.util.List<br.com.contratempo.entity.Turma>,org.springframework.ui.Model)
2017-09-15 22:19:24.046  INFO 4181 --- [main] s.w.s.m.m.a.RequestMappingHandlerMapping : Mapped "{[/cliente/{id}],methods=[POST]}" onto public void br.com.contratempo.controller.ClienteController.updateCliente(java.lang.Long,br.com.contratempo.entity.Cliente)
2017-09-15 22:19:24.046  INFO 4181 --- [main] s.w.s.m.m.a.RequestMappingHandlerMapping : Mapped "{[/cliente],methods=[GET]}" onto public org.springframework.web.servlet.ModelAndView br.com.contratempo.controller.ClienteController.consultaCliente(br.com.contratempo.entity.Cliente,org.springframework.web.servlet.ModelAndView)
2017-09-15 22:19:24.047  INFO 4181 --- [main] s.w.s.m.m.a.RequestMappingHandlerMapping : Mapped "{[/cliente/{id}],methods=[GET]}" onto public org.springframework.web.servlet.ModelAndView br.com.contratempo.controller.ClienteController.detalhesTurma(java.lang.Long)
2017-09-15 22:19:24.047  INFO 4181 --- [main] s.w.s.m.m.a.RequestMappingHandlerMapping : Mapped "{[/cliente/search],methods=[GET]}" onto public org.springframework.web.servlet.ModelAndView br.com.contratempo.controller.ClienteController.search(java.lang.String,org.springframework.web.servlet.ModelAndView)
2017-09-15 22:19:24.050 DEBUG 4181 --- [main] s.w.s.m.m.a.RequestMappingHandlerMapping : 7 request handler methods found on class br.com.contratempo.controller.LoginController: {public org.springframework.web.servlet.ModelAndView br.com.contratempo.controller.LoginController.home(org.springframework.web.servlet.ModelAndView)={[/home],methods=[GET]}, public org.springframework.web.servlet.ModelAndView br.com.contratempo.controller.LoginController.initLogin(br.com.contratempo.entity.Cliente,org.springframework.ui.Model)={[/registrar]}, public org.springframework.web.servlet.ModelAndView br.com.contratempo.controller.LoginController.initLogin(br.com.contratempo.entity.Registro,org.springframework.ui.Model)={[/registrar2]}, public java.lang.String br.com.contratempo.controller.LoginController.initLogin(br.com.contratempo.vo.Login,org.springframework.ui.Model)={[/validaLogin]}, public org.springframework.web.servlet.ModelAndView br.com.contratempo.controller.LoginController.lista(org.springframework.web.servlet.ModelAndView)={[/lista]}, public org.springframework.web.servlet.ModelAndView br.com.contratempo.controller.LoginController.limpar(org.springframework.web.servlet.ModelAndView)={[/limpar]}, public java.lang.String br.com.contratempo.controller.LoginController.about()={[/about]}}
2017-09-15 22:19:24.051  INFO 4181 --- [main] s.w.s.m.m.a.RequestMappingHandlerMapping : Mapped "{[/home],methods=[GET]}" onto public org.springframework.web.servlet.ModelAndView br.com.contratempo.controller.LoginController.home(org.springframework.web.servlet.ModelAndView)
2017-09-15 22:19:24.051  INFO 4181 --- [main] s.w.s.m.m.a.RequestMappingHandlerMapping : Mapped "{[/registrar]}" onto public org.springframework.web.servlet.ModelAndView br.com.contratempo.controller.LoginController.initLogin(br.com.contratempo.entity.Cliente,org.springframework.ui.Model)
2017-09-15 22:19:24.051  INFO 4181 --- [main] s.w.s.m.m.a.RequestMappingHandlerMapping : Mapped "{[/registrar2]}" onto public org.springframework.web.servlet.ModelAndView br.com.contratempo.controller.LoginController.initLogin(br.com.contratempo.entity.Registro,org.springframework.ui.Model)
2017-09-15 22:19:24.051  INFO 4181 --- [main] s.w.s.m.m.a.RequestMappingHandlerMapping : Mapped "{[/validaLogin]}" onto public java.lang.String br.com.contratempo.controller.LoginController.initLogin(br.com.contratempo.vo.Login,org.springframework.ui.Model)
2017-09-15 22:19:24.052  INFO 4181 --- [main] s.w.s.m.m.a.RequestMappingHandlerMapping : Mapped "{[/lista]}" onto public org.springframework.web.servlet.ModelAndView br.com.contratempo.controller.LoginController.lista(org.springframework.web.servlet.ModelAndView)
2017-09-15 22:19:24.055  INFO 4181 --- [main] s.w.s.m.m.a.RequestMappingHandlerMapping : Mapped "{[/limpar]}" onto public org.springframework.web.servlet.ModelAndView br.com.contratempo.controller.LoginController.limpar(org.springframework.web.servlet.ModelAndView)
2017-09-15 22:19:24.055  INFO 4181 --- [main] s.w.s.m.m.a.RequestMappingHandlerMapping : Mapped "{[/about]}" onto public java.lang.String br.com.contratempo.controller.LoginController.about()
2017-09-15 22:19:24.058 DEBUG 4181 --- [main] s.w.s.m.m.a.RequestMappingHandlerMapping : 1 request handler methods found on class br.com.contratempo.controller.MatriculaController: {public org.springframework.web.servlet.ModelAndView br.com.contratempo.controller.MatriculaController.pagarMatricula(java.lang.Long)={[/matricula/{id}/pagar],methods=[POST]}}
2017-09-15 22:19:24.059  INFO 4181 --- [main] s.w.s.m.m.a.RequestMappingHandlerMapping : Mapped "{[/matricula/{id}/pagar],methods=[POST]}" onto public org.springframework.web.servlet.ModelAndView br.com.contratempo.controller.MatriculaController.pagarMatricula(java.lang.Long)
2017-09-15 22:19:24.066 DEBUG 4181 --- [main] s.w.s.m.m.a.RequestMappingHandlerMapping : 4 request handler methods found on class br.com.contratempo.controller.ProfessorController: {public void br.com.contratempo.controller.ProfessorController.updateCliente(java.lang.Long,br.com.contratempo.entity.Professor)={[/professor/{id}],methods=[POST]}, public org.springframework.web.servlet.ModelAndView br.com.contratempo.controller.ProfessorController.consultaCliente(org.springframework.web.servlet.ModelAndView)={[/professor],methods=[GET]}, public org.springframework.web.servlet.ModelAndView br.com.contratempo.controller.ProfessorController.detalhesTurma(java.lang.Long)={[/professor/{id}],methods=[GET]}, public org.springframework.web.servlet.ModelAndView br.com.contratempo.controller.ProfessorController.search(java.lang.String,org.springframework.web.servlet.ModelAndView)={[/professor/search],methods=[GET]}}
2017-09-15 22:19:24.066  INFO 4181 --- [main] s.w.s.m.m.a.RequestMappingHandlerMapping : Mapped "{[/professor/{id}],methods=[POST]}" onto public void br.com.contratempo.controller.ProfessorController.updateCliente(java.lang.Long,br.com.contratempo.entity.Professor)
2017-09-15 22:19:24.066  INFO 4181 --- [main] s.w.s.m.m.a.RequestMappingHandlerMapping : Mapped "{[/professor],methods=[GET]}" onto public org.springframework.web.servlet.ModelAndView br.com.contratempo.controller.ProfessorController.consultaCliente(org.springframework.web.servlet.ModelAndView)
2017-09-15 22:19:24.066  INFO 4181 --- [main] s.w.s.m.m.a.RequestMappingHandlerMapping : Mapped "{[/professor/{id}],methods=[GET]}" onto public org.springframework.web.servlet.ModelAndView br.com.contratempo.controller.ProfessorController.detalhesTurma(java.lang.Long)
2017-09-15 22:19:24.067  INFO 4181 --- [main] s.w.s.m.m.a.RequestMappingHandlerMapping : Mapped "{[/professor/search],methods=[GET]}" onto public org.springframework.web.servlet.ModelAndView br.com.contratempo.controller.ProfessorController.search(java.lang.String,org.springframework.web.servlet.ModelAndView)
2017-09-15 22:19:24.068 DEBUG 4181 --- [main] s.w.s.m.m.a.RequestMappingHandlerMapping : 4 request handler methods found on class br.com.contratempo.controller.TurmaController: {public org.springframework.web.servlet.ModelAndView br.com.contratempo.controller.TurmaController.cadastraModalidade(br.com.contratempo.entity.Modalidade,org.springframework.ui.Model)={[/modalidade],methods=[POST]}, public org.springframework.web.servlet.ModelAndView br.com.contratempo.controller.TurmaController.detalhesTurma(java.lang.Long)={[/turma/{id}],methods=[GET]}, public org.springframework.web.servlet.ModelAndView br.com.contratempo.controller.TurmaController.cadastraTurma(br.com.contratempo.vo.TurmaVO,org.springframework.ui.Model)={[/turma],methods=[POST]}, public org.springframework.web.servlet.ModelAndView br.com.contratempo.controller.TurmaController.consultaModalidade(br.com.contratempo.entity.Modalidade,org.springframework.web.servlet.ModelAndView)={[/turma],methods=[GET]}}
2017-09-15 22:19:24.068  INFO 4181 --- [main] s.w.s.m.m.a.RequestMappingHandlerMapping : Mapped "{[/modalidade],methods=[POST]}" onto public org.springframework.web.servlet.ModelAndView br.com.contratempo.controller.TurmaController.cadastraModalidade(br.com.contratempo.entity.Modalidade,org.springframework.ui.Model)
2017-09-15 22:19:24.068  INFO 4181 --- [main] s.w.s.m.m.a.RequestMappingHandlerMapping : Mapped "{[/turma/{id}],methods=[GET]}" onto public org.springframework.web.servlet.ModelAndView br.com.contratempo.controller.TurmaController.detalhesTurma(java.lang.Long)
2017-09-15 22:19:24.068  INFO 4181 --- [main] s.w.s.m.m.a.RequestMappingHandlerMapping : Mapped "{[/turma],methods=[POST]}" onto public org.springframework.web.servlet.ModelAndView br.com.contratempo.controller.TurmaController.cadastraTurma(br.com.contratempo.vo.TurmaVO,org.springframework.ui.Model)
2017-09-15 22:19:24.068  INFO 4181 --- [main] s.w.s.m.m.a.RequestMappingHandlerMapping : Mapped "{[/turma],methods=[GET]}" onto public org.springframework.web.servlet.ModelAndView br.com.contratempo.controller.TurmaController.consultaModalidade(br.com.contratempo.entity.Modalidade,org.springframework.web.servlet.ModelAndView)
2017-09-15 22:19:24.069 DEBUG 4181 --- [main] s.w.s.m.m.a.RequestMappingHandlerMapping : 4 request handler methods found on class br.com.contratempo.controller.WelcomeController: {public java.lang.String br.com.contratempo.controller.WelcomeController.initLogin(java.util.Map)={[/login]}, public java.lang.String br.com.contratempo.controller.WelcomeController.foo(java.util.Map)={[/foo]}, public java.lang.String br.com.contratempo.controller.WelcomeController.forrozea(java.util.Map)={[/forrozea]}, public java.lang.String br.com.contratempo.controller.WelcomeController.index(java.util.Map)={[/]}}
2017-09-15 22:19:24.069  INFO 4181 --- [main] s.w.s.m.m.a.RequestMappingHandlerMapping : Mapped "{[/login]}" onto public java.lang.String br.com.contratempo.controller.WelcomeController.initLogin(java.util.Map<java.lang.String, java.lang.Object>)
2017-09-15 22:19:24.070  INFO 4181 --- [main] s.w.s.m.m.a.RequestMappingHandlerMapping : Mapped "{[/foo]}" onto public java.lang.String br.com.contratempo.controller.WelcomeController.foo(java.util.Map<java.lang.String, java.lang.Object>)
2017-09-15 22:19:24.070  INFO 4181 --- [main] s.w.s.m.m.a.RequestMappingHandlerMapping : Mapped "{[/forrozea]}" onto public java.lang.String br.com.contratempo.controller.WelcomeController.forrozea(java.util.Map<java.lang.String, java.lang.Object>)
2017-09-15 22:19:24.070  INFO 4181 --- [main] s.w.s.m.m.a.RequestMappingHandlerMapping : Mapped "{[/]}" onto public java.lang.String br.com.contratempo.controller.WelcomeController.index(java.util.Map<java.lang.String, java.lang.Object>)
2017-09-15 22:19:24.072 DEBUG 4181 --- [main] s.w.s.m.m.a.RequestMappingHandlerMapping : 2 request handler methods found on class org.springframework.boot.autoconfigure.web.BasicErrorController: {public org.springframework.web.servlet.ModelAndView org.springframework.boot.autoconfigure.web.BasicErrorController.errorHtml(javax.servlet.http.HttpServletRequest,javax.servlet.http.HttpServletResponse)={[/error],produces=[text/html]}, public org.springframework.http.ResponseEntity org.springframework.boot.autoconfigure.web.BasicErrorController.error(javax.servlet.http.HttpServletRequest)={[/error]}}
2017-09-15 22:19:24.072  INFO 4181 --- [main] s.w.s.m.m.a.RequestMappingHandlerMapping : Mapped "{[/error],produces=[text/html]}" onto public org.springframework.web.servlet.ModelAndView org.springframework.boot.autoconfigure.web.BasicErrorController.errorHtml(javax.servlet.http.HttpServletRequest,javax.servlet.http.HttpServletResponse)
2017-09-15 22:19:24.072  INFO 4181 --- [main] s.w.s.m.m.a.RequestMappingHandlerMapping : Mapped "{[/error]}" onto public org.springframework.http.ResponseEntity<java.util.Map<java.lang.String, java.lang.Object>> org.springframework.boot.autoconfigure.web.BasicErrorController.error(javax.servlet.http.HttpServletRequest)
2017-09-15 22:19:24.098 DEBUG 4181 --- [main] o.s.w.s.h.BeanNameUrlHandlerMapping      : Looking for URL mappings in application context: org.springframework.web.context.support.GenericWebApplicationContext@3aa078fd: startup date [Fri Sep 15 22:19:19 BRT 2017]; root of context hierarchy
2017-09-15 22:19:24.099 DEBUG 4181 --- [main] o.s.w.s.h.BeanNameUrlHandlerMapping      : Rejected bean name 'org.springframework.boot.test.mock.mockito.MockitoPostProcessor$SpyPostProcessor': no URL paths identified
2017-09-15 22:19:24.099 DEBUG 4181 --- [main] o.s.w.s.h.BeanNameUrlHandlerMapping      : Rejected bean name 'org.springframework.boot.test.mock.mockito.MockitoPostProcessor': no URL paths identified
2017-09-15 22:19:24.099 DEBUG 4181 --- [main] o.s.w.s.h.BeanNameUrlHandlerMapping      : Rejected bean name 'org.springframework.context.annotation.internalConfigurationAnnotationProcessor': no URL paths identified
2017-09-15 22:19:24.099 DEBUG 4181 --- [main] o.s.w.s.h.BeanNameUrlHandlerMapping      : Rejected bean name 'org.springframework.context.annotation.internalAutowiredAnnotationProcessor': no URL paths identified
2017-09-15 22:19:24.099 DEBUG 4181 --- [main] o.s.w.s.h.BeanNameUrlHandlerMapping      : Rejected bean name 'org.springframework.context.annotation.internalRequiredAnnotationProcessor': no URL paths identified
2017-09-15 22:19:24.099 DEBUG 4181 --- [main] o.s.w.s.h.BeanNameUrlHandlerMapping      : Rejected bean name 'org.springframework.context.annotation.internalCommonAnnotationProcessor': no URL paths identified
2017-09-15 22:19:24.100 DEBUG 4181 --- [main] o.s.w.s.h.BeanNameUrlHandlerMapping      : Rejected bean name 'org.springframework.context.annotation.internalPersistenceAnnotationProcessor': no URL paths identified
2017-09-15 22:19:24.100 DEBUG 4181 --- [main] o.s.w.s.h.BeanNameUrlHandlerMapping      : Rejected bean name 'org.springframework.context.event.internalEventListenerProcessor': no URL paths identified
2017-09-15 22:19:24.100 DEBUG 4181 --- [main] o.s.w.s.h.BeanNameUrlHandlerMapping      : Rejected bean name 'org.springframework.context.event.internalEventListenerFactory': no URL paths identified
2017-09-15 22:19:24.100 DEBUG 4181 --- [main] o.s.w.s.h.BeanNameUrlHandlerMapping      : Rejected bean name 'contraTempoApplication': no URL paths identified
2017-09-15 22:19:24.102 DEBUG 4181 --- [main] o.s.w.s.h.BeanNameUrlHandlerMapping      : Rejected bean name 'org.springframework.boot.autoconfigure.internalCachingMetadataReaderFactory': no URL paths identified
2017-09-15 22:19:24.102 DEBUG 4181 --- [main] o.s.w.s.h.BeanNameUrlHandlerMapping      : Rejected bean name 'aboutController': no URL paths identified
2017-09-15 22:19:24.102 DEBUG 4181 --- [main] o.s.w.s.h.BeanNameUrlHandlerMapping      : Rejected bean name 'clienteController': no URL paths identified
2017-09-15 22:19:24.102 DEBUG 4181 --- [main] o.s.w.s.h.BeanNameUrlHandlerMapping      : Rejected bean name 'loginController': no URL paths identified
2017-09-15 22:19:24.103 DEBUG 4181 --- [main] o.s.w.s.h.BeanNameUrlHandlerMapping      : Rejected bean name 'matriculaController': no URL paths identified
2017-09-15 22:19:24.103 DEBUG 4181 --- [main] o.s.w.s.h.BeanNameUrlHandlerMapping      : Rejected bean name 'professorController': no URL paths identified
2017-09-15 22:19:24.104 DEBUG 4181 --- [main] o.s.w.s.h.BeanNameUrlHandlerMapping      : Rejected bean name 'turmaController': no URL paths identified
2017-09-15 22:19:24.104 DEBUG 4181 --- [main] o.s.w.s.h.BeanNameUrlHandlerMapping      : Rejected bean name 'welcomeController': no URL paths identified
2017-09-15 22:19:24.104 DEBUG 4181 --- [main] o.s.w.s.h.BeanNameUrlHandlerMapping      : Rejected bean name 'org.springframework.boot.autoconfigure.AutoConfigurationPackages': no URL paths identified
2017-09-15 22:19:24.104 DEBUG 4181 --- [main] o.s.w.s.h.BeanNameUrlHandlerMapping      : Rejected bean name 'org.springframework.boot.autoconfigure.context.PropertyPlaceholderAutoConfiguration': no URL paths identified
2017-09-15 22:19:24.104 DEBUG 4181 --- [main] o.s.w.s.h.BeanNameUrlHandlerMapping      : Rejected bean name 'org.springframework.boot.autoconfigure.condition.BeanTypeRegistry': no URL paths identified
2017-09-15 22:19:24.105 DEBUG 4181 --- [main] o.s.w.s.h.BeanNameUrlHandlerMapping      : Rejected bean name 'propertySourcesPlaceholderConfigurer': no URL paths identified
2017-09-15 22:19:24.105 DEBUG 4181 --- [main] o.s.w.s.h.BeanNameUrlHandlerMapping      : Rejected bean name 'org.springframework.boot.autoconfigure.jackson.JacksonAutoConfiguration$Jackson2ObjectMapperBuilderCustomizerConfiguration': no URL paths identified
2017-09-15 22:19:24.105 DEBUG 4181 --- [main] o.s.w.s.h.BeanNameUrlHandlerMapping      : Rejected bean name 'standardJacksonObjectMapperBuilderCustomizer': no URL paths identified
2017-09-15 22:19:24.105 DEBUG 4181 --- [main] o.s.w.s.h.BeanNameUrlHandlerMapping      : Rejected bean name 'spring.jackson-org.springframework.boot.autoconfigure.jackson.JacksonProperties': no URL paths identified
2017-09-15 22:19:24.105 DEBUG 4181 --- [main] o.s.w.s.h.BeanNameUrlHandlerMapping      : Rejected bean name 'org.springframework.boot.context.properties.ConfigurationPropertiesBindingPostProcessor': no URL paths identified
2017-09-15 22:19:24.105 DEBUG 4181 --- [main] o.s.w.s.h.BeanNameUrlHandlerMapping      : Rejected bean name 'org.springframework.boot.context.properties.ConfigurationPropertiesBindingPostProcessor.store': no URL paths identified
2017-09-15 22:19:24.105 DEBUG 4181 --- [main] o.s.w.s.h.BeanNameUrlHandlerMapping      : Rejected bean name 'org.springframework.boot.autoconfigure.jackson.JacksonAutoConfiguration$JacksonObjectMapperBuilderConfiguration': no URL paths identified
2017-09-15 22:19:24.105 DEBUG 4181 --- [main] o.s.w.s.h.BeanNameUrlHandlerMapping      : Rejected bean name 'jacksonObjectMapperBuilder': no URL paths identified
2017-09-15 22:19:24.105 DEBUG 4181 --- [main] o.s.w.s.h.BeanNameUrlHandlerMapping      : Rejected bean name 'org.springframework.boot.autoconfigure.jackson.JacksonAutoConfiguration$JacksonObjectMapperConfiguration': no URL paths identified
2017-09-15 22:19:24.105 DEBUG 4181 --- [main] o.s.w.s.h.BeanNameUrlHandlerMapping      : Rejected bean name 'jacksonObjectMapper': no URL paths identified
2017-09-15 22:19:24.105 DEBUG 4181 --- [main] o.s.w.s.h.BeanNameUrlHandlerMapping      : Rejected bean name 'org.springframework.boot.autoconfigure.jackson.JacksonAutoConfiguration': no URL paths identified
2017-09-15 22:19:24.105 DEBUG 4181 --- [main] o.s.w.s.h.BeanNameUrlHandlerMapping      : Rejected bean name 'jsonComponentModule': no URL paths identified
2017-09-15 22:19:24.105 DEBUG 4181 --- [main] o.s.w.s.h.BeanNameUrlHandlerMapping      : Rejected bean name 'org.springframework.boot.autoconfigure.websocket.WebSocketAutoConfiguration$TomcatWebSocketConfiguration': no URL paths identified
2017-09-15 22:19:24.105 DEBUG 4181 --- [main] o.s.w.s.h.BeanNameUrlHandlerMapping      : Rejected bean name 'websocketContainerCustomizer': no URL paths identified
2017-09-15 22:19:24.105 DEBUG 4181 --- [main] o.s.w.s.h.BeanNameUrlHandlerMapping      : Rejected bean name 'org.springframework.boot.autoconfigure.websocket.WebSocketAutoConfiguration': no URL paths identified
2017-09-15 22:19:24.105 DEBUG 4181 --- [main] o.s.w.s.h.BeanNameUrlHandlerMapping      : Rejected bean name 'org.springframework.boot.autoconfigure.web.EmbeddedServletContainerAutoConfiguration$EmbeddedTomcat': no URL paths identified
2017-09-15 22:19:24.106 DEBUG 4181 --- [main] o.s.w.s.h.BeanNameUrlHandlerMapping      : Rejected bean name 'tomcatEmbeddedServletContainerFactory': no URL paths identified
2017-09-15 22:19:24.106 DEBUG 4181 --- [main] o.s.w.s.h.BeanNameUrlHandlerMapping      : Rejected bean name 'org.springframework.boot.autoconfigure.web.EmbeddedServletContainerAutoConfiguration': no URL paths identified
2017-09-15 22:19:24.106 DEBUG 4181 --- [main] o.s.w.s.h.BeanNameUrlHandlerMapping      : Rejected bean name 'embeddedServletContainerCustomizerBeanPostProcessor': no URL paths identified
2017-09-15 22:19:24.106 DEBUG 4181 --- [main] o.s.w.s.h.BeanNameUrlHandlerMapping      : Rejected bean name 'errorPageRegistrarBeanPostProcessor': no URL paths identified
2017-09-15 22:19:24.106 DEBUG 4181 --- [main] o.s.w.s.h.BeanNameUrlHandlerMapping      : Rejected bean name 'org.springframework.boot.autoconfigure.web.DispatcherServletAutoConfiguration$DispatcherServletConfiguration': no URL paths identified
2017-09-15 22:19:24.106 DEBUG 4181 --- [main] o.s.w.s.h.BeanNameUrlHandlerMapping      : Rejected bean name 'dispatcherServlet': no URL paths identified
2017-09-15 22:19:24.106 DEBUG 4181 --- [main] o.s.w.s.h.BeanNameUrlHandlerMapping      : Rejected bean name 'spring.mvc-org.springframework.boot.autoconfigure.web.WebMvcProperties': no URL paths identified
2017-09-15 22:19:24.106 DEBUG 4181 --- [main] o.s.w.s.h.BeanNameUrlHandlerMapping      : Rejected bean name 'org.springframework.boot.autoconfigure.web.DispatcherServletAutoConfiguration$DispatcherServletRegistrationConfiguration': no URL paths identified
2017-09-15 22:19:24.106 DEBUG 4181 --- [main] o.s.w.s.h.BeanNameUrlHandlerMapping      : Rejected bean name 'dispatcherServletRegistration': no URL paths identified
2017-09-15 22:19:24.106 DEBUG 4181 --- [main] o.s.w.s.h.BeanNameUrlHandlerMapping      : Rejected bean name 'org.springframework.boot.autoconfigure.web.DispatcherServletAutoConfiguration': no URL paths identified
2017-09-15 22:19:24.106 DEBUG 4181 --- [main] o.s.w.s.h.BeanNameUrlHandlerMapping      : Rejected bean name 'org.springframework.boot.autoconfigure.web.ErrorMvcAutoConfiguration$WhitelabelErrorViewConfiguration': no URL paths identified
2017-09-15 22:19:24.106 DEBUG 4181 --- [main] o.s.w.s.h.BeanNameUrlHandlerMapping      : Rejected bean name 'error': no URL paths identified
2017-09-15 22:19:24.106 DEBUG 4181 --- [main] o.s.w.s.h.BeanNameUrlHandlerMapping      : Rejected bean name 'beanNameViewResolver': no URL paths identified
2017-09-15 22:19:24.106 DEBUG 4181 --- [main] o.s.w.s.h.BeanNameUrlHandlerMapping      : Rejected bean name 'org.springframework.boot.autoconfigure.web.ErrorMvcAutoConfiguration$DefaultErrorViewResolverConfiguration': no URL paths identified
2017-09-15 22:19:24.106 DEBUG 4181 --- [main] o.s.w.s.h.BeanNameUrlHandlerMapping      : Rejected bean name 'conventionErrorViewResolver': no URL paths identified
2017-09-15 22:19:24.106 DEBUG 4181 --- [main] o.s.w.s.h.BeanNameUrlHandlerMapping      : Rejected bean name 'org.springframework.boot.autoconfigure.web.ErrorMvcAutoConfiguration': no URL paths identified
2017-09-15 22:19:24.107 DEBUG 4181 --- [main] o.s.w.s.h.BeanNameUrlHandlerMapping      : Rejected bean name 'errorAttributes': no URL paths identified
2017-09-15 22:19:24.107 DEBUG 4181 --- [main] o.s.w.s.h.BeanNameUrlHandlerMapping      : Rejected bean name 'basicErrorController': no URL paths identified
2017-09-15 22:19:24.107 DEBUG 4181 --- [main] o.s.w.s.h.BeanNameUrlHandlerMapping      : Rejected bean name 'errorPageCustomizer': no URL paths identified
2017-09-15 22:19:24.107 DEBUG 4181 --- [main] o.s.w.s.h.BeanNameUrlHandlerMapping      : Rejected bean name 'preserveErrorControllerTargetClassPostProcessor': no URL paths identified
2017-09-15 22:19:24.107 DEBUG 4181 --- [main] o.s.w.s.h.BeanNameUrlHandlerMapping      : Rejected bean name 'spring.resources-org.springframework.boot.autoconfigure.web.ResourceProperties': no URL paths identified
2017-09-15 22:19:24.107 DEBUG 4181 --- [main] o.s.w.s.h.BeanNameUrlHandlerMapping      : Rejected bean name 'org.springframework.boot.autoconfigure.web.WebMvcAutoConfiguration$EnableWebMvcConfiguration': no URL paths identified
2017-09-15 22:19:24.107 DEBUG 4181 --- [main] o.s.w.s.h.BeanNameUrlHandlerMapping      : Rejected bean name 'requestMappingHandlerAdapter': no URL paths identified
2017-09-15 22:19:24.107 DEBUG 4181 --- [main] o.s.w.s.h.BeanNameUrlHandlerMapping      : Rejected bean name 'requestMappingHandlerMapping': no URL paths identified
2017-09-15 22:19:24.107 DEBUG 4181 --- [main] o.s.w.s.h.BeanNameUrlHandlerMapping      : Rejected bean name 'mvcPathMatcher': no URL paths identified
2017-09-15 22:19:24.107 DEBUG 4181 --- [main] o.s.w.s.h.BeanNameUrlHandlerMapping      : Rejected bean name 'mvcUrlPathHelper': no URL paths identified
2017-09-15 22:19:24.107 DEBUG 4181 --- [main] o.s.w.s.h.BeanNameUrlHandlerMapping      : Rejected bean name 'mvcContentNegotiationManager': no URL paths identified
2017-09-15 22:19:24.107 DEBUG 4181 --- [main] o.s.w.s.h.BeanNameUrlHandlerMapping      : Rejected bean name 'viewControllerHandlerMapping': no URL paths identified
2017-09-15 22:19:24.107 DEBUG 4181 --- [main] o.s.w.s.h.BeanNameUrlHandlerMapping      : Rejected bean name 'beanNameHandlerMapping': no URL paths identified
2017-09-15 22:19:24.108 DEBUG 4181 --- [main] o.s.w.s.h.BeanNameUrlHandlerMapping      : Rejected bean name 'resourceHandlerMapping': no URL paths identified
2017-09-15 22:19:24.108 DEBUG 4181 --- [main] o.s.w.s.h.BeanNameUrlHandlerMapping      : Rejected bean name 'mvcResourceUrlProvider': no URL paths identified
2017-09-15 22:19:24.108 DEBUG 4181 --- [main] o.s.w.s.h.BeanNameUrlHandlerMapping      : Rejected bean name 'defaultServletHandlerMapping': no URL paths identified
2017-09-15 22:19:24.108 DEBUG 4181 --- [main] o.s.w.s.h.BeanNameUrlHandlerMapping      : Rejected bean name 'mvcConversionService': no URL paths identified
2017-09-15 22:19:24.108 DEBUG 4181 --- [main] o.s.w.s.h.BeanNameUrlHandlerMapping      : Rejected bean name 'mvcValidator': no URL paths identified
2017-09-15 22:19:24.108 DEBUG 4181 --- [main] o.s.w.s.h.BeanNameUrlHandlerMapping      : Rejected bean name 'mvcUriComponentsContributor': no URL paths identified
2017-09-15 22:19:24.108 DEBUG 4181 --- [main] o.s.w.s.h.BeanNameUrlHandlerMapping      : Rejected bean name 'httpRequestHandlerAdapter': no URL paths identified
2017-09-15 22:19:24.108 DEBUG 4181 --- [main] o.s.w.s.h.BeanNameUrlHandlerMapping      : Rejected bean name 'simpleControllerHandlerAdapter': no URL paths identified
2017-09-15 22:19:24.108 DEBUG 4181 --- [main] o.s.w.s.h.BeanNameUrlHandlerMapping      : Rejected bean name 'handlerExceptionResolver': no URL paths identified
2017-09-15 22:19:24.108 DEBUG 4181 --- [main] o.s.w.s.h.BeanNameUrlHandlerMapping      : Rejected bean name 'mvcViewResolver': no URL paths identified
2017-09-15 22:19:24.108 DEBUG 4181 --- [main] o.s.w.s.h.BeanNameUrlHandlerMapping      : Rejected bean name 'org.springframework.boot.autoconfigure.web.WebMvcAutoConfiguration$WebMvcAutoConfigurationAdapter$FaviconConfiguration': no URL paths identified
2017-09-15 22:19:24.108 DEBUG 4181 --- [main] o.s.w.s.h.BeanNameUrlHandlerMapping      : Rejected bean name 'faviconHandlerMapping': no URL paths identified
2017-09-15 22:19:24.108 DEBUG 4181 --- [main] o.s.w.s.h.BeanNameUrlHandlerMapping      : Rejected bean name 'faviconRequestHandler': no URL paths identified
2017-09-15 22:19:24.108 DEBUG 4181 --- [main] o.s.w.s.h.BeanNameUrlHandlerMapping      : Rejected bean name 'org.springframework.boot.autoconfigure.web.WebMvcAutoConfiguration$WebMvcAutoConfigurationAdapter': no URL paths identified
2017-09-15 22:19:24.108 DEBUG 4181 --- [main] o.s.w.s.h.BeanNameUrlHandlerMapping      : Rejected bean name 'defaultViewResolver': no URL paths identified
2017-09-15 22:19:24.108 DEBUG 4181 --- [main] o.s.w.s.h.BeanNameUrlHandlerMapping      : Rejected bean name 'viewResolver': no URL paths identified
2017-09-15 22:19:24.109 DEBUG 4181 --- [main] o.s.w.s.h.BeanNameUrlHandlerMapping      : Rejected bean name 'welcomePageHandlerMapping': no URL paths identified
2017-09-15 22:19:24.109 DEBUG 4181 --- [main] o.s.w.s.h.BeanNameUrlHandlerMapping      : Rejected bean name 'requestContextFilter': no URL paths identified
2017-09-15 22:19:24.109 DEBUG 4181 --- [main] o.s.w.s.h.BeanNameUrlHandlerMapping      : Rejected bean name 'org.springframework.boot.autoconfigure.web.WebMvcAutoConfiguration': no URL paths identified
2017-09-15 22:19:24.109 DEBUG 4181 --- [main] o.s.w.s.h.BeanNameUrlHandlerMapping      : Rejected bean name 'hiddenHttpMethodFilter': no URL paths identified
2017-09-15 22:19:24.109 DEBUG 4181 --- [main] o.s.w.s.h.BeanNameUrlHandlerMapping      : Rejected bean name 'httpPutFormContentFilter': no URL paths identified
2017-09-15 22:19:24.109 DEBUG 4181 --- [main] o.s.w.s.h.BeanNameUrlHandlerMapping      : Rejected bean name 'org.springframework.boot.autoconfigure.aop.AopAutoConfiguration$JdkDynamicAutoProxyConfiguration': no URL paths identified
2017-09-15 22:19:24.109 DEBUG 4181 --- [main] o.s.w.s.h.BeanNameUrlHandlerMapping      : Rejected bean name 'org.springframework.aop.config.internalAutoProxyCreator': no URL paths identified
2017-09-15 22:19:24.109 DEBUG 4181 --- [main] o.s.w.s.h.BeanNameUrlHandlerMapping      : Rejected bean name 'org.springframework.boot.autoconfigure.aop.AopAutoConfiguration': no URL paths identified
2017-09-15 22:19:24.109 DEBUG 4181 --- [main] o.s.w.s.h.BeanNameUrlHandlerMapping      : Rejected bean name 'org.springframework.boot.autoconfigure.transaction.jta.JtaAutoConfiguration': no URL paths identified
2017-09-15 22:19:24.109 DEBUG 4181 --- [main] o.s.w.s.h.BeanNameUrlHandlerMapping      : Rejected bean name 'spring.jta-org.springframework.boot.autoconfigure.transaction.jta.JtaProperties': no URL paths identified
2017-09-15 22:19:24.109 DEBUG 4181 --- [main] o.s.w.s.h.BeanNameUrlHandlerMapping      : Rejected bean name 'org.springframework.boot.autoconfigure.jdbc.DataSourceConfiguration$Tomcat': no URL paths identified
2017-09-15 22:19:24.109 DEBUG 4181 --- [main] o.s.w.s.h.BeanNameUrlHandlerMapping      : Rejected bean name 'dataSource': no URL paths identified
2017-09-15 22:19:24.109 DEBUG 4181 --- [main] o.s.w.s.h.BeanNameUrlHandlerMapping      : Rejected bean name 'org.springframework.boot.autoconfigure.jdbc.DataSourceAutoConfiguration$PooledDataSourceConfiguration': no URL paths identified
2017-09-15 22:19:24.109 DEBUG 4181 --- [main] o.s.w.s.h.BeanNameUrlHandlerMapping      : Rejected bean name 'org.springframework.boot.autoconfigure.jdbc.metadata.DataSourcePoolMetadataProvidersConfiguration$TomcatDataSourcePoolMetadataProviderConfiguration': no URL paths identified
2017-09-15 22:19:24.109 DEBUG 4181 --- [main] o.s.w.s.h.BeanNameUrlHandlerMapping      : Rejected bean name 'tomcatPoolDataSourceMetadataProvider': no URL paths identified
2017-09-15 22:19:24.109 DEBUG 4181 --- [main] o.s.w.s.h.BeanNameUrlHandlerMapping      : Rejected bean name 'org.springframework.boot.autoconfigure.jdbc.metadata.DataSourcePoolMetadataProvidersConfiguration': no URL paths identified
2017-09-15 22:19:24.109 DEBUG 4181 --- [main] o.s.w.s.h.BeanNameUrlHandlerMapping      : Rejected bean name 'org.springframework.boot.autoconfigure.jdbc.DataSourceAutoConfiguration': no URL paths identified
2017-09-15 22:19:24.109 DEBUG 4181 --- [main] o.s.w.s.h.BeanNameUrlHandlerMapping      : Rejected bean name 'dataSourceInitializer': no URL paths identified
2017-09-15 22:19:24.110 DEBUG 4181 --- [main] o.s.w.s.h.BeanNameUrlHandlerMapping      : Rejected bean name 'spring.datasource-org.springframework.boot.autoconfigure.jdbc.DataSourceProperties': no URL paths identified
2017-09-15 22:19:24.110 DEBUG 4181 --- [main] o.s.w.s.h.BeanNameUrlHandlerMapping      : Rejected bean name 'dataSourceInitializerPostProcessor': no URL paths identified
2017-09-15 22:19:24.110 DEBUG 4181 --- [main] o.s.w.s.h.BeanNameUrlHandlerMapping      : Rejected bean name 'org.springframework.boot.autoconfigure.orm.jpa.JpaBaseConfiguration$JpaWebConfiguration$JpaWebMvcConfiguration': no URL paths identified
2017-09-15 22:19:24.110 DEBUG 4181 --- [main] o.s.w.s.h.BeanNameUrlHandlerMapping      : Rejected bean name 'openEntityManagerInViewInterceptor': no URL paths identified
2017-09-15 22:19:24.110 DEBUG 4181 --- [main] o.s.w.s.h.BeanNameUrlHandlerMapping      : Rejected bean name 'org.springframework.boot.autoconfigure.orm.jpa.JpaBaseConfiguration$JpaWebConfiguration': no URL paths identified
2017-09-15 22:19:24.110 DEBUG 4181 --- [main] o.s.w.s.h.BeanNameUrlHandlerMapping      : Rejected bean name 'org.springframework.boot.autoconfigure.orm.jpa.HibernateJpaAutoConfiguration': no URL paths identified
2017-09-15 22:19:24.110 DEBUG 4181 --- [main] o.s.w.s.h.BeanNameUrlHandlerMapping      : Rejected bean name 'transactionManager': no URL paths identified
2017-09-15 22:19:24.110 DEBUG 4181 --- [main] o.s.w.s.h.BeanNameUrlHandlerMapping      : Rejected bean name 'jpaVendorAdapter': no URL paths identified
2017-09-15 22:19:24.111 DEBUG 4181 --- [main] o.s.w.s.h.BeanNameUrlHandlerMapping      : Rejected bean name 'entityManagerFactoryBuilder': no URL paths identified
2017-09-15 22:19:24.111 DEBUG 4181 --- [main] o.s.w.s.h.BeanNameUrlHandlerMapping      : Rejected bean name 'entityManagerFactory': no URL paths identified
2017-09-15 22:19:24.111 DEBUG 4181 --- [main] o.s.w.s.h.BeanNameUrlHandlerMapping      : Rejected bean name 'spring.jpa-org.springframework.boot.autoconfigure.orm.jpa.JpaProperties': no URL paths identified
2017-09-15 22:19:24.111 DEBUG 4181 --- [main] o.s.w.s.h.BeanNameUrlHandlerMapping      : Rejected bean name 'dataSourceInitializedPublisher': no URL paths identified
2017-09-15 22:19:24.112 DEBUG 4181 --- [main] o.s.w.s.h.BeanNameUrlHandlerMapping      : Rejected bean name 'org.springframework.boot.autoconfigure.context.ConfigurationPropertiesAutoConfiguration': no URL paths identified
2017-09-15 22:19:24.112 DEBUG 4181 --- [main] o.s.w.s.h.BeanNameUrlHandlerMapping      : Rejected bean name 'org.springframework.boot.autoconfigure.dao.PersistenceExceptionTranslationAutoConfiguration': no URL paths identified
2017-09-15 22:19:24.112 DEBUG 4181 --- [main] o.s.w.s.h.BeanNameUrlHandlerMapping      : Rejected bean name 'persistenceExceptionTranslationPostProcessor': no URL paths identified
2017-09-15 22:19:24.112 DEBUG 4181 --- [main] o.s.w.s.h.BeanNameUrlHandlerMapping      : Rejected bean name 'org.springframework.boot.autoconfigure.validation.ValidationAutoConfiguration': no URL paths identified
2017-09-15 22:19:24.112 DEBUG 4181 --- [main] o.s.w.s.h.BeanNameUrlHandlerMapping      : Rejected bean name 'validator': no URL paths identified
2017-09-15 22:19:24.113 DEBUG 4181 --- [main] o.s.w.s.h.BeanNameUrlHandlerMapping      : Rejected bean name 'methodValidationPostProcessor': no URL paths identified
2017-09-15 22:19:24.113 DEBUG 4181 --- [main] o.s.w.s.h.BeanNameUrlHandlerMapping      : Rejected bean name 'org.springframework.boot.autoconfigure.data.jpa.JpaRepositoriesAutoConfiguration': no URL paths identified
2017-09-15 22:19:24.113 DEBUG 4181 --- [main] o.s.w.s.h.BeanNameUrlHandlerMapping      : Rejected bean name 'emBeanDefinitionRegistrarPostProcessor': no URL paths identified
2017-09-15 22:19:24.113 DEBUG 4181 --- [main] o.s.w.s.h.BeanNameUrlHandlerMapping      : Rejected bean name 'jpaMappingContext': no URL paths identified
2017-09-15 22:19:24.113 DEBUG 4181 --- [main] o.s.w.s.h.BeanNameUrlHandlerMapping      : Rejected bean name 'jpaContext': no URL paths identified
2017-09-15 22:19:24.114 DEBUG 4181 --- [main] o.s.w.s.h.BeanNameUrlHandlerMapping      : Rejected bean name 'registroRepository': no URL paths identified
2017-09-15 22:19:24.114 DEBUG 4181 --- [main] o.s.w.s.h.BeanNameUrlHandlerMapping      : Rejected bean name 'constantsRepository': no URL paths identified
2017-09-15 22:19:24.114 DEBUG 4181 --- [main] o.s.w.s.h.BeanNameUrlHandlerMapping      : Rejected bean name 'modalidadeRepository': no URL paths identified
2017-09-15 22:19:24.114 DEBUG 4181 --- [main] o.s.w.s.h.BeanNameUrlHandlerMapping      : Rejected bean name 'professorRepository': no URL paths identified
2017-09-15 22:19:24.114 DEBUG 4181 --- [main] o.s.w.s.h.BeanNameUrlHandlerMapping      : Rejected bean name 'turmaRepository': no URL paths identified
2017-09-15 22:19:24.114 DEBUG 4181 --- [main] o.s.w.s.h.BeanNameUrlHandlerMapping      : Rejected bean name 'clienteRepository': no URL paths identified
2017-09-15 22:19:24.114 DEBUG 4181 --- [main] o.s.w.s.h.BeanNameUrlHandlerMapping      : Rejected bean name 'matriculaRepository': no URL paths identified
2017-09-15 22:19:24.114 DEBUG 4181 --- [main] o.s.w.s.h.BeanNameUrlHandlerMapping      : Rejected bean name 'org.springframework.transaction.annotation.ProxyTransactionManagementConfiguration': no URL paths identified
2017-09-15 22:19:24.115 DEBUG 4181 --- [main] o.s.w.s.h.BeanNameUrlHandlerMapping      : Rejected bean name 'org.springframework.transaction.config.internalTransactionAdvisor': no URL paths identified
2017-09-15 22:19:24.115 DEBUG 4181 --- [main] o.s.w.s.h.BeanNameUrlHandlerMapping      : Rejected bean name 'transactionAttributeSource': no URL paths identified
2017-09-15 22:19:24.115 DEBUG 4181 --- [main] o.s.w.s.h.BeanNameUrlHandlerMapping      : Rejected bean name 'transactionInterceptor': no URL paths identified
2017-09-15 22:19:24.116 DEBUG 4181 --- [main] o.s.w.s.h.BeanNameUrlHandlerMapping      : Rejected bean name 'org.springframework.transaction.config.internalTransactionalEventListenerFactory': no URL paths identified
2017-09-15 22:19:24.120 DEBUG 4181 --- [main] o.s.w.s.h.BeanNameUrlHandlerMapping      : Rejected bean name 'org.springframework.boot.autoconfigure.jdbc.DataSourceTransactionManagerAutoConfiguration$TransactionManagementConfiguration': no URL paths identified
2017-09-15 22:19:24.120 DEBUG 4181 --- [main] o.s.w.s.h.BeanNameUrlHandlerMapping      : Rejected bean name 'org.springframework.boot.autoconfigure.jdbc.DataSourceTransactionManagerAutoConfiguration$DataSourceTransactionManagerConfiguration': no URL paths identified
2017-09-15 22:19:24.120 DEBUG 4181 --- [main] o.s.w.s.h.BeanNameUrlHandlerMapping      : Rejected bean name 'org.springframework.boot.autoconfigure.jdbc.DataSourceTransactionManagerAutoConfiguration': no URL paths identified
2017-09-15 22:19:24.121 DEBUG 4181 --- [main] o.s.w.s.h.BeanNameUrlHandlerMapping      : Rejected bean name 'org.springframework.boot.autoconfigure.transaction.TransactionAutoConfiguration$TransactionTemplateConfiguration': no URL paths identified
2017-09-15 22:19:24.122 DEBUG 4181 --- [main] o.s.w.s.h.BeanNameUrlHandlerMapping      : Rejected bean name 'transactionTemplate': no URL paths identified
2017-09-15 22:19:24.122 DEBUG 4181 --- [main] o.s.w.s.h.BeanNameUrlHandlerMapping      : Rejected bean name 'org.springframework.boot.autoconfigure.transaction.TransactionAutoConfiguration': no URL paths identified
2017-09-15 22:19:24.122 DEBUG 4181 --- [main] o.s.w.s.h.BeanNameUrlHandlerMapping      : Rejected bean name 'platformTransactionManagerCustomizers': no URL paths identified
2017-09-15 22:19:24.122 DEBUG 4181 --- [main] o.s.w.s.h.BeanNameUrlHandlerMapping      : Rejected bean name 'spring.transaction-org.springframework.boot.autoconfigure.transaction.TransactionProperties': no URL paths identified
2017-09-15 22:19:24.123 DEBUG 4181 --- [main] o.s.w.s.h.BeanNameUrlHandlerMapping      : Rejected bean name 'org.springframework.boot.autoconfigure.web.HttpMessageConvertersAutoConfiguration$StringHttpMessageConverterConfiguration': no URL paths identified
2017-09-15 22:19:24.124 DEBUG 4181 --- [main] o.s.w.s.h.BeanNameUrlHandlerMapping      : Rejected bean name 'stringHttpMessageConverter': no URL paths identified
2017-09-15 22:19:24.124 DEBUG 4181 --- [main] o.s.w.s.h.BeanNameUrlHandlerMapping      : Rejected bean name 'spring.http.encoding-org.springframework.boot.autoconfigure.web.HttpEncodingProperties': no URL paths identified
2017-09-15 22:19:24.124 DEBUG 4181 --- [main] o.s.w.s.h.BeanNameUrlHandlerMapping      : Rejected bean name 'org.springframework.boot.autoconfigure.web.JacksonHttpMessageConvertersConfiguration$MappingJackson2HttpMessageConverterConfiguration': no URL paths identified
2017-09-15 22:19:24.124 DEBUG 4181 --- [main] o.s.w.s.h.BeanNameUrlHandlerMapping      : Rejected bean name 'mappingJackson2HttpMessageConverter': no URL paths identified
2017-09-15 22:19:24.124 DEBUG 4181 --- [main] o.s.w.s.h.BeanNameUrlHandlerMapping      : Rejected bean name 'org.springframework.boot.autoconfigure.web.JacksonHttpMessageConvertersConfiguration': no URL paths identified
2017-09-15 22:19:24.124 DEBUG 4181 --- [main] o.s.w.s.h.BeanNameUrlHandlerMapping      : Rejected bean name 'org.springframework.boot.autoconfigure.web.HttpMessageConvertersAutoConfiguration': no URL paths identified
2017-09-15 22:19:24.124 DEBUG 4181 --- [main] o.s.w.s.h.BeanNameUrlHandlerMapping      : Rejected bean name 'messageConverters': no URL paths identified
2017-09-15 22:19:24.124 DEBUG 4181 --- [main] o.s.w.s.h.BeanNameUrlHandlerMapping      : Rejected bean name 'org.springframework.data.web.config.SpringDataWebConfiguration': no URL paths identified
2017-09-15 22:19:24.124 DEBUG 4181 --- [main] o.s.w.s.h.BeanNameUrlHandlerMapping      : Rejected bean name 'pageableResolver': no URL paths identified
2017-09-15 22:19:24.124 DEBUG 4181 --- [main] o.s.w.s.h.BeanNameUrlHandlerMapping      : Rejected bean name 'sortResolver': no URL paths identified
2017-09-15 22:19:24.124 DEBUG 4181 --- [main] o.s.w.s.h.BeanNameUrlHandlerMapping      : Rejected bean name 'org.springframework.data.web.config.SpringDataJacksonConfiguration': no URL paths identified
2017-09-15 22:19:24.124 DEBUG 4181 --- [main] o.s.w.s.h.BeanNameUrlHandlerMapping      : Rejected bean name 'jacksonGeoModule': no URL paths identified
2017-09-15 22:19:24.124 DEBUG 4181 --- [main] o.s.w.s.h.BeanNameUrlHandlerMapping      : Rejected bean name 'org.springframework.boot.autoconfigure.data.web.SpringDataWebAutoConfiguration': no URL paths identified
2017-09-15 22:19:24.124 DEBUG 4181 --- [main] o.s.w.s.h.BeanNameUrlHandlerMapping      : Rejected bean name 'org.springframework.boot.autoconfigure.info.ProjectInfoAutoConfiguration': no URL paths identified
2017-09-15 22:19:24.124 DEBUG 4181 --- [main] o.s.w.s.h.BeanNameUrlHandlerMapping      : Rejected bean name 'spring.info-org.springframework.boot.autoconfigure.info.ProjectInfoProperties': no URL paths identified
2017-09-15 22:19:24.124 DEBUG 4181 --- [main] o.s.w.s.h.BeanNameUrlHandlerMapping      : Rejected bean name 'org.springframework.boot.autoconfigure.jdbc.JdbcTemplateAutoConfiguration': no URL paths identified
2017-09-15 22:19:24.124 DEBUG 4181 --- [main] o.s.w.s.h.BeanNameUrlHandlerMapping      : Rejected bean name 'jdbcTemplate': no URL paths identified
2017-09-15 22:19:24.124 DEBUG 4181 --- [main] o.s.w.s.h.BeanNameUrlHandlerMapping      : Rejected bean name 'namedParameterJdbcTemplate': no URL paths identified
2017-09-15 22:19:24.124 DEBUG 4181 --- [main] o.s.w.s.h.BeanNameUrlHandlerMapping      : Rejected bean name 'org.springframework.boot.autoconfigure.thymeleaf.ThymeleafAutoConfiguration$ThymeleafResourceHandlingConfig': no URL paths identified
2017-09-15 22:19:24.124 DEBUG 4181 --- [main] o.s.w.s.h.BeanNameUrlHandlerMapping      : Rejected bean name 'org.springframework.boot.autoconfigure.thymeleaf.ThymeleafAutoConfiguration$ThymeleafWebLayoutConfiguration': no URL paths identified
2017-09-15 22:19:24.124 DEBUG 4181 --- [main] o.s.w.s.h.BeanNameUrlHandlerMapping      : Rejected bean name 'layoutDialect': no URL paths identified
2017-09-15 22:19:24.124 DEBUG 4181 --- [main] o.s.w.s.h.BeanNameUrlHandlerMapping      : Rejected bean name 'org.springframework.boot.autoconfigure.thymeleaf.ThymeleafAutoConfiguration$ThymeleafDefaultConfiguration': no URL paths identified
2017-09-15 22:19:24.124 DEBUG 4181 --- [main] o.s.w.s.h.BeanNameUrlHandlerMapping      : Rejected bean name 'templateEngine': no URL paths identified
2017-09-15 22:19:24.125 DEBUG 4181 --- [main] o.s.w.s.h.BeanNameUrlHandlerMapping      : Rejected bean name 'org.springframework.boot.autoconfigure.thymeleaf.ThymeleafAutoConfiguration$Thymeleaf2Configuration$Thymeleaf2ViewResolverConfiguration': no URL paths identified
2017-09-15 22:19:24.125 DEBUG 4181 --- [main] o.s.w.s.h.BeanNameUrlHandlerMapping      : Rejected bean name 'thymeleafViewResolver': no URL paths identified
2017-09-15 22:19:24.125 DEBUG 4181 --- [main] o.s.w.s.h.BeanNameUrlHandlerMapping      : Rejected bean name 'org.springframework.boot.autoconfigure.thymeleaf.ThymeleafAutoConfiguration$Thymeleaf2Configuration$DefaultTemplateResolverConfiguration': no URL paths identified
2017-09-15 22:19:24.125 DEBUG 4181 --- [main] o.s.w.s.h.BeanNameUrlHandlerMapping      : Rejected bean name 'thymeleafResourceResolver': no URL paths identified
2017-09-15 22:19:24.129 DEBUG 4181 --- [main] o.s.w.s.h.BeanNameUrlHandlerMapping      : Rejected bean name 'defaultTemplateResolver': no URL paths identified
2017-09-15 22:19:24.130 DEBUG 4181 --- [main] o.s.w.s.h.BeanNameUrlHandlerMapping      : Rejected bean name 'org.springframework.boot.autoconfigure.thymeleaf.ThymeleafAutoConfiguration$Thymeleaf2Configuration': no URL paths identified
2017-09-15 22:19:24.130 DEBUG 4181 --- [main] o.s.w.s.h.BeanNameUrlHandlerMapping      : Rejected bean name 'org.springframework.boot.autoconfigure.thymeleaf.ThymeleafAutoConfiguration': no URL paths identified
2017-09-15 22:19:24.130 DEBUG 4181 --- [main] o.s.w.s.h.BeanNameUrlHandlerMapping      : Rejected bean name 'spring.thymeleaf-org.springframework.boot.autoconfigure.thymeleaf.ThymeleafProperties': no URL paths identified
2017-09-15 22:19:24.130 DEBUG 4181 --- [main] o.s.w.s.h.BeanNameUrlHandlerMapping      : Rejected bean name 'org.springframework.boot.autoconfigure.security.SecurityFilterAutoConfiguration': no URL paths identified
2017-09-15 22:19:24.130 DEBUG 4181 --- [main] o.s.w.s.h.BeanNameUrlHandlerMapping      : Rejected bean name 'securityProperties': no URL paths identified
2017-09-15 22:19:24.130 DEBUG 4181 --- [main] o.s.w.s.h.BeanNameUrlHandlerMapping      : Rejected bean name 'org.springframework.boot.autoconfigure.web.HttpEncodingAutoConfiguration': no URL paths identified
2017-09-15 22:19:24.130 DEBUG 4181 --- [main] o.s.w.s.h.BeanNameUrlHandlerMapping      : Rejected bean name 'characterEncodingFilter': no URL paths identified
2017-09-15 22:19:24.131 DEBUG 4181 --- [main] o.s.w.s.h.BeanNameUrlHandlerMapping      : Rejected bean name 'localeCharsetMappingsCustomizer': no URL paths identified
2017-09-15 22:19:24.131 DEBUG 4181 --- [main] o.s.w.s.h.BeanNameUrlHandlerMapping      : Rejected bean name 'org.springframework.boot.autoconfigure.web.MultipartAutoConfiguration': no URL paths identified
2017-09-15 22:19:24.131 DEBUG 4181 --- [main] o.s.w.s.h.BeanNameUrlHandlerMapping      : Rejected bean name 'multipartConfigElement': no URL paths identified
2017-09-15 22:19:24.131 DEBUG 4181 --- [main] o.s.w.s.h.BeanNameUrlHandlerMapping      : Rejected bean name 'multipartResolver': no URL paths identified
2017-09-15 22:19:24.131 DEBUG 4181 --- [main] o.s.w.s.h.BeanNameUrlHandlerMapping      : Rejected bean name 'spring.http.multipart-org.springframework.boot.autoconfigure.web.MultipartProperties': no URL paths identified
2017-09-15 22:19:24.131 DEBUG 4181 --- [main] o.s.w.s.h.BeanNameUrlHandlerMapping      : Rejected bean name 'org.springframework.boot.autoconfigure.web.ServerPropertiesAutoConfiguration': no URL paths identified
2017-09-15 22:19:24.132 DEBUG 4181 --- [main] o.s.w.s.h.BeanNameUrlHandlerMapping      : Rejected bean name 'serverProperties': no URL paths identified
2017-09-15 22:19:24.132 DEBUG 4181 --- [main] o.s.w.s.h.BeanNameUrlHandlerMapping      : Rejected bean name 'duplicateServerPropertiesDetector': no URL paths identified
2017-09-15 22:19:24.132 DEBUG 4181 --- [main] o.s.w.s.h.BeanNameUrlHandlerMapping      : Rejected bean name 'org.springframework.boot.autoconfigure.web.WebClientAutoConfiguration$RestTemplateConfiguration': no URL paths identified
2017-09-15 22:19:24.132 DEBUG 4181 --- [main] o.s.w.s.h.BeanNameUrlHandlerMapping      : Rejected bean name 'restTemplateBuilder': no URL paths identified
2017-09-15 22:19:24.132 DEBUG 4181 --- [main] o.s.w.s.h.BeanNameUrlHandlerMapping      : Rejected bean name 'org.springframework.boot.autoconfigure.web.WebClientAutoConfiguration': no URL paths identified
2017-09-15 22:19:24.132 DEBUG 4181 --- [main] o.s.w.s.h.BeanNameUrlHandlerMapping      : Rejected bean name 'org.springframework.boot.devtools.autoconfigure.DevToolsDataSourceAutoConfiguration$DatabaseShutdownExecutorJpaDependencyConfiguration': no URL paths identified
2017-09-15 22:19:24.132 DEBUG 4181 --- [main] o.s.w.s.h.BeanNameUrlHandlerMapping      : Rejected bean name 'org.springframework.boot.devtools.autoconfigure.DevToolsDataSourceAutoConfiguration': no URL paths identified
2017-09-15 22:19:24.132 DEBUG 4181 --- [main] o.s.w.s.h.BeanNameUrlHandlerMapping      : Rejected bean name 'inMemoryDatabaseShutdownExecutor': no URL paths identified
2017-09-15 22:19:24.132 DEBUG 4181 --- [main] o.s.w.s.h.BeanNameUrlHandlerMapping      : Rejected bean name 'org.springframework.orm.jpa.SharedEntityManagerCreator#0': no URL paths identified
2017-09-15 22:19:24.133 DEBUG 4181 --- [main] o.s.w.s.h.BeanNameUrlHandlerMapping      : Rejected bean name 'autoConfigurationReport': no URL paths identified
2017-09-15 22:19:24.133 DEBUG 4181 --- [main] o.s.w.s.h.BeanNameUrlHandlerMapping      : Rejected bean name 'org.springframework.boot.test.context.filter.TestTypeExcludeFilter': no URL paths identified
2017-09-15 22:19:24.133 DEBUG 4181 --- [main] o.s.w.s.h.BeanNameUrlHandlerMapping      : Rejected bean name 'org.springframework.boot.test.autoconfigure.properties.PropertyMappingContextCustomizer$PropertyMappingCheckBeanPostProcessor': no URL paths identified
2017-09-15 22:19:24.135 DEBUG 4181 --- [main] o.s.w.s.h.BeanNameUrlHandlerMapping      : Rejected bean name 'springApplicationArguments': no URL paths identified
2017-09-15 22:19:24.136 DEBUG 4181 --- [main] o.s.w.s.h.BeanNameUrlHandlerMapping      : Rejected bean name 'springBootBanner': no URL paths identified
2017-09-15 22:19:24.137 DEBUG 4181 --- [main] o.s.w.s.h.BeanNameUrlHandlerMapping      : Rejected bean name 'springBootLoggingSystem': no URL paths identified
2017-09-15 22:19:24.144 DEBUG 4181 --- [main] o.s.w.s.h.BeanNameUrlHandlerMapping      : Rejected bean name 'environment': no URL paths identified
2017-09-15 22:19:24.145 DEBUG 4181 --- [main] o.s.w.s.h.BeanNameUrlHandlerMapping      : Rejected bean name 'systemProperties': no URL paths identified
2017-09-15 22:19:24.145 DEBUG 4181 --- [main] o.s.w.s.h.BeanNameUrlHandlerMapping      : Rejected bean name 'systemEnvironment': no URL paths identified
2017-09-15 22:19:24.145 DEBUG 4181 --- [main] o.s.w.s.h.BeanNameUrlHandlerMapping      : Rejected bean name 'servletContext': no URL paths identified
2017-09-15 22:19:24.145 DEBUG 4181 --- [main] o.s.w.s.h.BeanNameUrlHandlerMapping      : Rejected bean name 'contextParameters': no URL paths identified
2017-09-15 22:19:24.145 DEBUG 4181 --- [main] o.s.w.s.h.BeanNameUrlHandlerMapping      : Rejected bean name 'contextAttributes': no URL paths identified
2017-09-15 22:19:24.145 DEBUG 4181 --- [main] o.s.w.s.h.BeanNameUrlHandlerMapping      : Rejected bean name 'org.springframework.context.annotation.ConfigurationClassPostProcessor.importRegistry': no URL paths identified
2017-09-15 22:19:24.145 DEBUG 4181 --- [main] o.s.w.s.h.BeanNameUrlHandlerMapping      : Rejected bean name 'org.springframework.boot.test.mock.mockito.MockitoBeans': no URL paths identified
2017-09-15 22:19:24.145 DEBUG 4181 --- [main] o.s.w.s.h.BeanNameUrlHandlerMapping      : Rejected bean name 'messageSource': no URL paths identified
2017-09-15 22:19:24.145 DEBUG 4181 --- [main] o.s.w.s.h.BeanNameUrlHandlerMapping      : Rejected bean name 'applicationEventMulticaster': no URL paths identified
2017-09-15 22:19:24.166  INFO 4181 --- [main] o.s.w.s.handler.SimpleUrlHandlerMapping  : Mapped URL path [/webjars/**] onto handler of type [class org.springframework.web.servlet.resource.ResourceHttpRequestHandler]
2017-09-15 22:19:24.167  INFO 4181 --- [main] o.s.w.s.handler.SimpleUrlHandlerMapping  : Mapped URL path [/**] onto handler of type [class org.springframework.web.servlet.resource.ResourceHttpRequestHandler]
2017-09-15 22:19:24.185 DEBUG 4181 --- [main] .m.m.a.ExceptionHandlerExceptionResolver : Looking for exception mappings: org.springframework.web.context.support.GenericWebApplicationContext@3aa078fd: startup date [Fri Sep 15 22:19:19 BRT 2017]; root of context hierarchy
2017-09-15 22:19:24.215  INFO 4181 --- [main] o.s.w.s.handler.SimpleUrlHandlerMapping  : Mapped URL path [/**/favicon.ico] onto handler of type [class org.springframework.web.servlet.resource.ResourceHttpRequestHandler]
2017-09-15 22:19:24.583 DEBUG 4181 --- [main] o.s.w.c.s.StandardServletEnvironment     : Adding [servletConfigInitParams] PropertySource with lowest search precedence
2017-09-15 22:19:24.584 DEBUG 4181 --- [main] o.s.w.c.s.StandardServletEnvironment     : Adding [servletContextInitParams] PropertySource with lowest search precedence
2017-09-15 22:19:24.584 DEBUG 4181 --- [main] o.s.w.c.s.StandardServletEnvironment     : Adding [systemProperties] PropertySource with lowest search precedence
2017-09-15 22:19:24.584 DEBUG 4181 --- [main] o.s.w.c.s.StandardServletEnvironment     : Adding [systemEnvironment] PropertySource with lowest search precedence
2017-09-15 22:19:24.584 DEBUG 4181 --- [main] o.s.w.c.s.StandardServletEnvironment     : Initialized StandardServletEnvironment with PropertySources [servletConfigInitParams,servletContextInitParams,systemProperties,systemEnvironment]
2017-09-15 22:19:24.601 DEBUG 4181 --- [main] o.s.w.c.s.StandardServletEnvironment     : Adding [servletConfigInitParams] PropertySource with lowest search precedence
2017-09-15 22:19:24.603 DEBUG 4181 --- [main] o.s.w.c.s.StandardServletEnvironment     : Adding [servletContextInitParams] PropertySource with lowest search precedence
2017-09-15 22:19:24.605 DEBUG 4181 --- [main] o.s.w.c.s.StandardServletEnvironment     : Adding [systemProperties] PropertySource with lowest search precedence
2017-09-15 22:19:24.609 DEBUG 4181 --- [main] o.s.w.c.s.StandardServletEnvironment     : Adding [systemEnvironment] PropertySource with lowest search precedence
2017-09-15 22:19:24.610 DEBUG 4181 --- [main] o.s.w.c.s.StandardServletEnvironment     : Initialized StandardServletEnvironment with PropertySources [servletConfigInitParams,servletContextInitParams,systemProperties,systemEnvironment]
2017-09-15 22:19:24.626 DEBUG 4181 --- [main] o.s.w.c.s.StandardServletEnvironment     : Adding [servletConfigInitParams] PropertySource with lowest search precedence
2017-09-15 22:19:24.627 DEBUG 4181 --- [main] o.s.w.c.s.StandardServletEnvironment     : Adding [servletContextInitParams] PropertySource with lowest search precedence
2017-09-15 22:19:24.628 DEBUG 4181 --- [main] o.s.w.c.s.StandardServletEnvironment     : Adding [systemProperties] PropertySource with lowest search precedence
2017-09-15 22:19:24.628 DEBUG 4181 --- [main] o.s.w.c.s.StandardServletEnvironment     : Adding [systemEnvironment] PropertySource with lowest search precedence
2017-09-15 22:19:24.628 DEBUG 4181 --- [main] o.s.w.c.s.StandardServletEnvironment     : Initialized StandardServletEnvironment with PropertySources [servletConfigInitParams,servletContextInitParams,systemProperties,systemEnvironment]
2017-09-15 22:19:24.817 DEBUG 4181 --- [main] o.s.w.c.s.StandardServletEnvironment     : Adding [servletConfigInitParams] PropertySource with lowest search precedence
2017-09-15 22:19:24.818 DEBUG 4181 --- [main] o.s.w.c.s.StandardServletEnvironment     : Adding [servletContextInitParams] PropertySource with lowest search precedence
2017-09-15 22:19:24.818 DEBUG 4181 --- [main] o.s.w.c.s.StandardServletEnvironment     : Adding [systemProperties] PropertySource with lowest search precedence
2017-09-15 22:19:24.819 DEBUG 4181 --- [main] o.s.w.c.s.StandardServletEnvironment     : Adding [systemEnvironment] PropertySource with lowest search precedence
2017-09-15 22:19:24.819 DEBUG 4181 --- [main] o.s.w.c.s.StandardServletEnvironment     : Initialized StandardServletEnvironment with PropertySources [servletConfigInitParams,servletContextInitParams,systemProperties,systemEnvironment]
2017-09-15 22:19:24.909 DEBUG 4181 --- [main] o.s.w.c.s.GenericWebApplicationContext   : Unable to locate LifecycleProcessor with name 'lifecycleProcessor': using default [org.springframework.context.support.DefaultLifecycleProcessor@68c4a860]
2017-09-15 22:19:24.916 DEBUG 4181 --- [main] o.s.w.s.resource.ResourceUrlProvider     : Looking for resource handler mappings
2017-09-15 22:19:24.917 DEBUG 4181 --- [main] o.s.w.s.resource.ResourceUrlProvider     : Found resource handler mapping: URL pattern="/**/favicon.ico", locations=[ServletContext resource [/], class path resource [META-INF/resources/], class path resource [resources/], class path resource [static/], class path resource [public/], class path resource []], resolvers=[org.springframework.web.servlet.resource.PathResourceResolver@5034681f]
2017-09-15 22:19:24.918 DEBUG 4181 --- [main] o.s.w.s.resource.ResourceUrlProvider     : Found resource handler mapping: URL pattern="/webjars/**", locations=[class path resource [META-INF/resources/webjars/]], resolvers=[org.springframework.web.servlet.resource.PathResourceResolver@1dfe5dd1]
2017-09-15 22:19:24.918 DEBUG 4181 --- [main] o.s.w.s.resource.ResourceUrlProvider     : Found resource handler mapping: URL pattern="/**", locations=[ServletContext resource [/], class path resource [META-INF/resources/], class path resource [resources/], class path resource [static/], class path resource [public/]], resolvers=[org.springframework.web.servlet.resource.PathResourceResolver@1fe05fff]
2017-09-15 22:19:24.923  INFO 4181 --- [main] b.c.c.ContraTempoApplicationTests        : Started ContraTempoApplicationTests in 6.43 seconds (JVM running for 7.108)
2017-09-15 22:19:25.035  INFO 4181 --- [Thread-4] o.s.w.c.s.GenericWebApplicationContext   : Closing org.springframework.web.context.support.GenericWebApplicationContext@3aa078fd: startup date [Fri Sep 15 22:19:19 BRT 2017]; root of context hierarchy
2017-09-15 22:19:25.050  INFO 4181 --- [Thread-4] j.LocalContainerEntityManagerFactoryBean : Closing JPA EntityManagerFactory for persistence unit 'default'
2017-09-15 22:19:25.050  INFO 4181 --- [Thread-4] org.hibernate.tool.hbm2ddl.SchemaExport  : HHH000227: Running hbm2ddl schema export
2017-09-15 22:19:25.089  INFO 4181 --- [Thread-4] org.hibernate.tool.hbm2ddl.SchemaExport  : HHH000230: Schema export complete
